<?xml version="1.0" encoding="UTF-8"?>
<!-- Generated by org.testng.reporters.JUnitReportReporter -->
<testsuite skipped="0" hostname="MacBook-Air-Alex.local" name="ru.javaedu.autotests.MyFirstClassTest" tests="1" failures="0" timestamp="02 фев 2021 17:44:51 GMT" time="0.030" errors="0">
  <testcase name="test" time="0.030" classname="ru.javaedu.autotests.MyFirstClassTest"/>
</testsuite> <!-- ru.javaedu.autotests.MyFirstClassTest -->
